2022.08.22 15:37:09 INFO  tracing is disabled for protocol LSP, to enable tracing of incoming and outgoing JSON messages create an empty file at c:\Users\Anders\Programmeringskonsepter\.metals\lsp.trace.json or C:\Users\Anders\AppData\Local\scalameta\metals\cache\lsp.trace.json[0m
2022.08.22 15:37:09 INFO  logging to file C:\Users\Anders\Programmeringskonsepter\.metals\metals.log[0m
2022.08.22 15:37:09 INFO  Started: Metals version 0.11.8 in workspace 'C:\Users\Anders\Programmeringskonsepter' for client Visual Studio Code 1.70.2.[0m
2022.08.22 15:37:11 WARN  Flyway upgrade recommended: H2 2.1.214 is newer than this version of Flyway and support has not been tested. The latest supported version of H2 is 2.1.210.[0m
2022.08.22 15:37:11 INFO  time: initialize in 2s[0m
2022.08.22 15:37:15 WARN  Build server is not auto-connectable.[0m
2022.08.22 15:37:15 WARN  no build tool detected in workspace 'C:\Users\Anders\Programmeringskonsepter'. The most common cause for this problem is that the editor was opened in the wrong working directory, for example if you use sbt then the workspace directory should contain build.sbt. [0m
2022.08.22 15:37:15 WARN  no build target for: C:\Users\Anders\Programmeringskonsepter\Scala\Assignment1\src\main\scala\main.scala[0m
2022.08.22 15:37:18 INFO  no build target found for C:\Users\Anders\Programmeringskonsepter\Scala\Assignment1\src\main\scala\main.scala. Using presentation compiler with project's scala-library version: 3.1.3[0m
2022.08.22 15:37:20 INFO  time: code lens generation in 4.68s[0m
2022.08.22 15:37:44 WARN  no build target for: C:\Users\Anders\Programmeringskonsepter\Scala\Assignment1\src\main\scala\main.scala[0m
2022.08.22 15:37:52 WARN  no build target for: C:\Users\Anders\Programmeringskonsepter\Scala\Assignment1\src\main\scala\main.scala[0m
2022.08.22 15:39:55 WARN  no build target for: C:\Users\Anders\Programmeringskonsepter\Scala\Assignment1\src\main\scala\main.scala[0m
2022.08.22 15:41:14 WARN  no build target for: C:\Users\Anders\Programmeringskonsepter\Scala\Assignment1\src\main\scala\main.scala[0m
2022.08.22 15:41:16 WARN  no build target for: C:\Users\Anders\Programmeringskonsepter\Scala\Assignment1\src\main\scala\main.scala[0m
2022.08.22 15:41:40 WARN  no build target for: C:\Users\Anders\Programmeringskonsepter\Scala\Assignment1\src\main\scala\main.scala[0m
Aug 22, 2022 3:41:51 PM org.eclipse.lsp4j.jsonrpc.RemoteEndpoint handleCancellation
WARNING: Unmatched cancel notification for request id 565
2022.08.22 15:41:54 WARN  no build target for: C:\Users\Anders\Programmeringskonsepter\Scala\Assignment1\src\main\scala\main.scala[0m
2022.08.22 15:43:40 WARN  no build target for: C:\Users\Anders\Programmeringskonsepter\Scala\Assignment1\src\main\scala\main.scala[0m
2022.08.22 15:43:55 WARN  no build target for: C:\Users\Anders\Programmeringskonsepter\Scala\Assignment1\src\main\scala\main.scala[0m
2022.08.22 15:46:26 WARN  no build target for: C:\Users\Anders\Programmeringskonsepter\Scala\Assignment1\src\main\scala\main.scala[0m
2022.08.22 15:47:55 WARN  no build target for: C:\Users\Anders\Programmeringskonsepter\Scala\Assignment1\src\main\scala\main.scala[0m
2022.08.22 15:48:08 WARN  no build target for: C:\Users\Anders\Programmeringskonsepter\Scala\Assignment1\src\main\scala\main.scala[0m
2022.08.22 15:48:17 WARN  no build target for: C:\Users\Anders\Programmeringskonsepter\Scala\Assignment1\src\main\scala\main.scala[0m
2022.08.22 15:48:30 WARN  no build target for: C:\Users\Anders\Programmeringskonsepter\Scala\Assignment1\src\main\scala\main.scala[0m
2022.08.22 15:48:47 WARN  no build target for: C:\Users\Anders\Programmeringskonsepter\Scala\Assignment1\src\main\scala\main.scala[0m
2022.08.22 15:49:39 WARN  no build target for: C:\Users\Anders\Programmeringskonsepter\Scala\Assignment1\src\main\scala\main.scala[0m
2022.08.22 15:50:00 WARN  no build target for: C:\Users\Anders\Programmeringskonsepter\Scala\Assignment1\src\main\scala\main.scala[0m
2022.08.22 15:52:40 WARN  no build target for: C:\Users\Anders\Programmeringskonsepter\Scala\Assignment1\src\main\scala\main.scala[0m
2022.08.22 15:52:49 WARN  no build target for: C:\Users\Anders\Programmeringskonsepter\Scala\Assignment1\src\main\scala\main.scala[0m
2022.08.22 15:53:00 WARN  no build target for: C:\Users\Anders\Programmeringskonsepter\Scala\Assignment1\src\main\scala\main.scala[0m
2022.08.22 15:53:09 WARN  no build target for: C:\Users\Anders\Programmeringskonsepter\Scala\Assignment1\src\main\scala\main.scala[0m
2022.08.22 15:53:31 WARN  no build target for: C:\Users\Anders\Programmeringskonsepter\Scala\Assignment1\src\main\scala\main.scala[0m
2022.08.22 15:53:31 WARN  no build target for: C:\Users\Anders\Programmeringskonsepter\Scala\Assignment1\src\main\scala\main.scala[0m
Exception in thread "pool-3-thread-1" java.lang.InterruptedException
	at scala.meta.internal.metals.FutureCancelToken.checkCanceled(FutureCancelToken.scala:29)
	at scala.meta.internal.pc.CompilerAccess.onCompilerJobQueue$$anonfun$1(CompilerAccess.scala:195)
	at scala.meta.internal.pc.CompilerJobQueue$Job.run(CompilerJobQueue.scala:152)
	at java.base/java.util.concurrent.ThreadPoolExecutor.runWorker(ThreadPoolExecutor.java:1128)
	at java.base/java.util.concurrent.ThreadPoolExecutor$Worker.run(ThreadPoolExecutor.java:628)
	at java.base/java.lang.Thread.run(Thread.java:834)
2022.08.22 15:53:33 WARN  no build target for: C:\Users\Anders\Programmeringskonsepter\Scala\Assignment1\src\main\scala\main.scala[0m
2022.08.22 15:53:36 WARN  no build target for: C:\Users\Anders\Programmeringskonsepter\Scala\Assignment1\src\main\scala\main.scala[0m
2022.08.22 15:54:22 WARN  no build target for: C:\Users\Anders\Programmeringskonsepter\Scala\Assignment1\src\main\scala\main.scala[0m
Aug 22, 2022 3:54:41 PM org.eclipse.lsp4j.jsonrpc.RemoteEndpoint handleCancellation
WARNING: Unmatched cancel notification for request id 1323
2022.08.22 15:54:42 WARN  no build target for: C:\Users\Anders\Programmeringskonsepter\Scala\Assignment1\src\main\scala\main.scala[0m
2022.08.22 15:54:49 WARN  no build target for: C:\Users\Anders\Programmeringskonsepter\Scala\Assignment1\src\main\scala\main.scala[0m
2022.08.22 15:55:01 WARN  no build target for: C:\Users\Anders\Programmeringskonsepter\Scala\Assignment1\src\main\scala\main.scala[0m
Aug 22, 2022 3:55:07 PM org.eclipse.lsp4j.jsonrpc.RemoteEndpoint handleCancellation
WARNING: Unmatched cancel notification for request id 1356
2022.08.22 15:55:12 WARN  no build target for: C:\Users\Anders\Programmeringskonsepter\Scala\Assignment1\src\main\scala\main.scala[0m
2022.08.22 15:56:41 WARN  no build target for: C:\Users\Anders\Programmeringskonsepter\Scala\Assignment1\src\main\scala\main.scala[0m
2022.08.22 15:56:52 WARN  no build target for: C:\Users\Anders\Programmeringskonsepter\Scala\Assignment1\src\main\scala\main.scala[0m
2022.08.22 15:57:14 WARN  no build target for: C:\Users\Anders\Programmeringskonsepter\Scala\Assignment1\src\main\scala\main.scala[0m
2022.08.22 15:57:20 WARN  no build target for: C:\Users\Anders\Programmeringskonsepter\Scala\Assignment1\src\main\scala\main.scala[0m
2022.08.22 15:57:32 WARN  no build target for: C:\Users\Anders\Programmeringskonsepter\Scala\Assignment1\src\main\scala\main.scala[0m
2022.08.22 15:57:50 WARN  no build target for: C:\Users\Anders\Programmeringskonsepter\Scala\Assignment1\src\main\scala\main.scala[0m
2022.08.22 15:59:04 WARN  no build target for: C:\Users\Anders\Programmeringskonsepter\Scala\Assignment1\src\main\scala\main.scala[0m
2022.08.22 15:59:19 WARN  no build target for: C:\Users\Anders\Programmeringskonsepter\Scala\Assignment1\src\main\scala\main.scala[0m
2022.08.22 15:59:39 WARN  no build target for: C:\Users\Anders\Programmeringskonsepter\Scala\Assignment1\src\main\scala\main.scala[0m
Exception in thread "pool-3-thread-2" java.lang.InterruptedException
	at scala.meta.internal.metals.FutureCancelToken.checkCanceled(FutureCancelToken.scala:29)
	at scala.meta.internal.pc.CompilerAccess.onCompilerJobQueue$$anonfun$1(CompilerAccess.scala:195)
	at scala.meta.internal.pc.CompilerJobQueue$Job.run(CompilerJobQueue.scala:152)
	at java.base/java.util.concurrent.ThreadPoolExecutor.runWorker(ThreadPoolExecutor.java:1128)
	at java.base/java.util.concurrent.ThreadPoolExecutor$Worker.run(ThreadPoolExecutor.java:628)
	at java.base/java.lang.Thread.run(Thread.java:834)
2022.08.22 15:59:58 WARN  no build target for: C:\Users\Anders\Programmeringskonsepter\Scala\Assignment1\src\main\scala\main.scala[0m
2022.08.22 16:00:45 WARN  no build target for: C:\Users\Anders\Programmeringskonsepter\Scala\Assignment1\src\main\scala\main.scala[0m
2022.08.22 16:01:18 WARN  no build target for: C:\Users\Anders\Programmeringskonsepter\Scala\Assignment1\src\main\scala\main.scala[0m
2022.08.22 16:01:47 WARN  no build target for: C:\Users\Anders\Programmeringskonsepter\Scala\Assignment1\src\main\scala\main.scala[0m
2022.08.22 16:02:25 WARN  no build target for: C:\Users\Anders\Programmeringskonsepter\Scala\Assignment1\src\main\scala\main.scala[0m
2022.08.22 16:02:48 WARN  no build target for: C:\Users\Anders\Programmeringskonsepter\Scala\Assignment1\src\main\scala\main.scala[0m
2022.08.22 16:02:52 WARN  no build target for: C:\Users\Anders\Programmeringskonsepter\Scala\Assignment1\src\main\scala\main.scala[0m
2022.08.22 16:02:58 WARN  no build target for: C:\Users\Anders\Programmeringskonsepter\Scala\Assignment1\src\main\scala\main.scala[0m
2022.08.22 16:03:17 WARN  no build target for: C:\Users\Anders\Programmeringskonsepter\Scala\Assignment1\src\main\scala\main.scala[0m
2022.08.22 16:03:30 WARN  no build target for: C:\Users\Anders\Programmeringskonsepter\Scala\Assignment1\src\main\scala\main.scala[0m
2022.08.22 16:05:29 WARN  no build target for: C:\Users\Anders\Programmeringskonsepter\Scala\Assignment1\src\main\scala\main.scala[0m
2022.08.22 16:06:05 WARN  no build target for: C:\Users\Anders\Programmeringskonsepter\Scala\Assignment1\src\main\scala\main.scala[0m
2022.08.22 16:06:14 WARN  no build target for: C:\Users\Anders\Programmeringskonsepter\Scala\Assignment1\src\main\scala\main.scala[0m
2022.08.22 16:09:51 WARN  no build target for: C:\Users\Anders\Programmeringskonsepter\Scala\Assignment1\src\main\scala\main.scala[0m
2022.08.22 16:10:18 WARN  no build target for: C:\Users\Anders\Programmeringskonsepter\Scala\Assignment1\src\main\scala\main.scala[0m
2022.08.22 16:10:32 WARN  no build target for: C:\Users\Anders\Programmeringskonsepter\Scala\Assignment1\src\main\scala\main.scala[0m
2022.08.22 16:12:37 WARN  no build target for: C:\Users\Anders\Programmeringskonsepter\Scala\Assignment1\src\main\scala\main.scala[0m
2022.08.22 16:12:56 WARN  no build target for: C:\Users\Anders\Programmeringskonsepter\Scala\Assignment1\src\main\scala\main.scala[0m
2022.08.22 16:12:58 WARN  no build target for: C:\Users\Anders\Programmeringskonsepter\Scala\Assignment1\src\main\scala\main.scala[0m
2022.08.22 16:13:07 WARN  no build target for: C:\Users\Anders\Programmeringskonsepter\Scala\Assignment1\src\main\scala\main.scala[0m
2022.08.22 16:13:10 WARN  no build target for: C:\Users\Anders\Programmeringskonsepter\Scala\Assignment1\src\main\scala\main.scala[0m
2022.08.22 16:13:24 WARN  no build target for: C:\Users\Anders\Programmeringskonsepter\Scala\Assignment1\src\main\scala\main.scala[0m
2022.08.22 16:13:32 WARN  no build target for: C:\Users\Anders\Programmeringskonsepter\Scala\Assignment1\src\main\scala\main.scala[0m
2022.08.22 16:18:02 WARN  no build target for: C:\Users\Anders\Programmeringskonsepter\Scala\Assignment1\src\main\scala\main.scala[0m
2022.08.22 16:18:21 WARN  no build target for: C:\Users\Anders\Programmeringskonsepter\Scala\Assignment1\src\main\scala\main.scala[0m
2022.08.22 16:18:27 WARN  no build target for: C:\Users\Anders\Programmeringskonsepter\Scala\Assignment1\src\main\scala\main.scala[0m
2022.08.22 16:19:01 WARN  no build target for: C:\Users\Anders\Programmeringskonsepter\Scala\Assignment1\src\main\scala\main.scala[0m
2022.08.22 16:19:10 WARN  no build target for: C:\Users\Anders\Programmeringskonsepter\Scala\Assignment1\src\main\scala\main.scala[0m
2022.08.22 16:19:20 WARN  no build target for: C:\Users\Anders\Programmeringskonsepter\Scala\Assignment1\src\main\scala\main.scala[0m
2022.08.22 16:19:31 WARN  no build target for: C:\Users\Anders\Programmeringskonsepter\Scala\Assignment1\src\main\scala\main.scala[0m
2022.08.22 16:19:49 WARN  no build target for: C:\Users\Anders\Programmeringskonsepter\Scala\Assignment1\src\main\scala\main.scala[0m
2022.08.22 16:20:00 WARN  no build target for: C:\Users\Anders\Programmeringskonsepter\Scala\Assignment1\src\main\scala\main.scala[0m
2022.08.22 16:20:13 WARN  no build target for: C:\Users\Anders\Programmeringskonsepter\Scala\Assignment1\src\main\scala\main.scala[0m
2022.08.22 16:20:15 WARN  no build target for: C:\Users\Anders\Programmeringskonsepter\Scala\Assignment1\src\main\scala\main.scala[0m
2022.08.22 16:20:41 WARN  no build target for: C:\Users\Anders\Programmeringskonsepter\Scala\Assignment1\src\main\scala\main.scala[0m
2022.08.22 16:20:43 WARN  no build target for: C:\Users\Anders\Programmeringskonsepter\Scala\Assignment1\src\main\scala\main.scala[0m
2022.08.22 16:21:17 WARN  no build target for: C:\Users\Anders\Programmeringskonsepter\Scala\Assignment1\src\main\scala\main.scala[0m
2022.08.22 16:21:26 WARN  no build target for: C:\Users\Anders\Programmeringskonsepter\Scala\Assignment1\src\main\scala\main.scala[0m
2022.08.22 16:21:36 WARN  no build target for: C:\Users\Anders\Programmeringskonsepter\Scala\Assignment1\src\main\scala\main.scala[0m
2022.08.22 16:22:02 WARN  no build target for: C:\Users\Anders\Programmeringskonsepter\Scala\Assignment1\src\main\scala\main.scala[0m
2022.08.22 16:22:09 WARN  no build target for: C:\Users\Anders\Programmeringskonsepter\Scala\Assignment1\src\main\scala\main.scala[0m
2022.08.22 16:22:54 WARN  no build target for: C:\Users\Anders\Programmeringskonsepter\Scala\Assignment1\src\main\scala\main.scala[0m
2022.08.22 16:23:41 WARN  no build target for: C:\Users\Anders\Programmeringskonsepter\Scala\Assignment1\src\main\scala\main.scala[0m
2022.08.22 16:23:57 WARN  no build target for: C:\Users\Anders\Programmeringskonsepter\Scala\Assignment1\src\main\scala\main.scala[0m
2022.08.22 16:24:05 WARN  no build target for: C:\Users\Anders\Programmeringskonsepter\Scala\Assignment1\src\main\scala\main.scala[0m
2022.08.22 16:24:47 WARN  no build target for: C:\Users\Anders\Programmeringskonsepter\Scala\Assignment1\src\main\scala\main.scala[0m
2022.08.22 16:24:49 WARN  no build target for: C:\Users\Anders\Programmeringskonsepter\Scala\Assignment1\src\main\scala\main.scala[0m
2022.08.22 16:24:57 WARN  no build target for: C:\Users\Anders\Programmeringskonsepter\Scala\Assignment1\src\main\scala\main.scala[0m
2022.08.22 16:25:01 WARN  no build target for: C:\Users\Anders\Programmeringskonsepter\Scala\Assignment1\src\main\scala\main.scala[0m
2022.08.22 16:25:03 WARN  no build target for: C:\Users\Anders\Programmeringskonsepter\Scala\Assignment1\src\main\scala\main.scala[0m
2022.08.22 16:25:24 WARN  no build target for: C:\Users\Anders\Programmeringskonsepter\Scala\Assignment1\src\main\scala\main.scala[0m
2022.08.22 16:25:45 WARN  no build target for: C:\Users\Anders\Programmeringskonsepter\Scala\Assignment1\src\main\scala\main.scala[0m
2022.08.22 16:25:52 WARN  no build target for: C:\Users\Anders\Programmeringskonsepter\Scala\Assignment1\src\main\scala\main.scala[0m
2022.08.22 16:26:10 WARN  no build target for: C:\Users\Anders\Programmeringskonsepter\Scala\Assignment1\src\main\scala\main.scala[0m
2022.08.22 16:27:31 WARN  no build target for: C:\Users\Anders\Programmeringskonsepter\Scala\Assignment1\src\main\scala\main.scala[0m
2022.08.22 16:27:34 WARN  no build target for: C:\Users\Anders\Programmeringskonsepter\Scala\Assignment1\src\main\scala\main.scala[0m
2022.08.22 16:27:42 WARN  no build target for: C:\Users\Anders\Programmeringskonsepter\Scala\Assignment1\src\main\scala\main.scala[0m
2022.08.22 16:28:17 WARN  no build target for: C:\Users\Anders\Programmeringskonsepter\Scala\Assignment1\src\main\scala\main.scala[0m
2022.08.22 16:28:22 WARN  no build target for: C:\Users\Anders\Programmeringskonsepter\Scala\Assignment1\src\main\scala\main.scala[0m
2022.08.22 16:28:49 WARN  no build target for: C:\Users\Anders\Programmeringskonsepter\Scala\Assignment1\src\main\scala\main.scala[0m
2022.08.22 16:29:30 WARN  no build target for: C:\Users\Anders\Programmeringskonsepter\Scala\Assignment1\src\main\scala\main.scala[0m
2022.08.22 16:30:02 WARN  no build target for: C:\Users\Anders\Programmeringskonsepter\Scala\Assignment1\src\main\scala\main.scala[0m
2022.08.22 16:34:41 WARN  no build target for: C:\Users\Anders\Programmeringskonsepter\Scala\Assignment1\src\main\scala\main.scala[0m
2022.08.22 16:34:46 WARN  no build target for: C:\Users\Anders\Programmeringskonsepter\Scala\Assignment1\src\main\scala\main.scala[0m
2022.08.22 16:35:14 WARN  no build target for: C:\Users\Anders\Programmeringskonsepter\Scala\Assignment1\src\main\scala\main.scala[0m
2022.08.22 16:35:26 WARN  no build target for: C:\Users\Anders\Programmeringskonsepter\Scala\Assignment1\src\main\scala\main.scala[0m
2022.08.22 16:35:36 WARN  no build target for: C:\Users\Anders\Programmeringskonsepter\Scala\Assignment1\src\main\scala\main.scala[0m
2022.08.22 16:35:53 WARN  no build target for: C:\Users\Anders\Programmeringskonsepter\Scala\Assignment1\src\main\scala\main.scala[0m
2022.08.22 16:37:21 WARN  no build target for: C:\Users\Anders\Programmeringskonsepter\Scala\Assignment1\src\main\scala\main.scala[0m
2022.08.22 16:37:53 WARN  no build target for: C:\Users\Anders\Programmeringskonsepter\Scala\Assignment1\src\main\scala\main.scala[0m
2022.08.22 16:38:04 WARN  no build target for: C:\Users\Anders\Programmeringskonsepter\Scala\Assignment1\src\main\scala\main.scala[0m
Aug 22, 2022 4:38:16 PM org.eclipse.lsp4j.jsonrpc.RemoteEndpoint handleCancellation
WARNING: Unmatched cancel notification for request id 5141
2022.08.22 16:38:44 WARN  no build target for: C:\Users\Anders\Programmeringskonsepter\Scala\Assignment1\src\main\scala\main.scala[0m
2022.08.22 16:38:59 WARN  no build target for: C:\Users\Anders\Programmeringskonsepter\Scala\Assignment1\src\main\scala\main.scala[0m
2022.08.22 16:39:10 WARN  no build target for: C:\Users\Anders\Programmeringskonsepter\Scala\Assignment1\src\main\scala\main.scala[0m
2022.08.22 16:39:19 WARN  no build target for: C:\Users\Anders\Programmeringskonsepter\Scala\Assignment1\src\main\scala\main.scala[0m
2022.08.22 16:41:06 WARN  no build target for: C:\Users\Anders\Programmeringskonsepter\Scala\Assignment1\src\main\scala\main.scala[0m
2022.08.22 16:41:13 WARN  no build target for: C:\Users\Anders\Programmeringskonsepter\Scala\Assignment1\src\main\scala\main.scala[0m
2022.08.22 16:41:29 WARN  no build target for: C:\Users\Anders\Programmeringskonsepter\Scala\Assignment1\src\main\scala\main.scala[0m
2022.08.22 16:43:00 WARN  no build target for: C:\Users\Anders\Programmeringskonsepter\Scala\Assignment1\src\main\scala\main.scala[0m
2022.08.22 16:45:35 WARN  no build target for: C:\Users\Anders\Programmeringskonsepter\Scala\Assignment1\src\main\scala\main.scala[0m
2022.08.22 16:45:38 WARN  no build target for: C:\Users\Anders\Programmeringskonsepter\Scala\Assignment1\src\main\scala\main.scala[0m
2022.08.22 16:45:41 WARN  no build target for: C:\Users\Anders\Programmeringskonsepter\Scala\Assignment1\src\main\scala\main.scala[0m
Exception in thread "pool-3-thread-3" java.lang.InterruptedException
	at scala.meta.internal.metals.FutureCancelToken.checkCanceled(FutureCancelToken.scala:29)
	at scala.meta.internal.pc.CompilerAccess.onCompilerJobQueue$$anonfun$1(CompilerAccess.scala:195)
	at scala.meta.internal.pc.CompilerJobQueue$Job.run(CompilerJobQueue.scala:152)
	at java.base/java.util.concurrent.ThreadPoolExecutor.runWorker(ThreadPoolExecutor.java:1128)
	at java.base/java.util.concurrent.ThreadPoolExecutor$Worker.run(ThreadPoolExecutor.java:628)
	at java.base/java.lang.Thread.run(Thread.java:834)
2022.08.22 16:46:13 WARN  no build target for: C:\Users\Anders\Programmeringskonsepter\Scala\Assignment1\src\main\scala\main.scala[0m
2022.08.22 16:47:54 WARN  no build target for: C:\Users\Anders\Programmeringskonsepter\Scala\Assignment1\src\main\scala\main.scala[0m
2022.08.22 16:56:01 INFO  shutting down Metals[0m
2022.08.22 16:57:44 INFO  tracing is disabled for protocol LSP, to enable tracing of incoming and outgoing JSON messages create an empty file at c:\Users\Anders\Programmeringskonsepter\.metals\lsp.trace.json or C:\Users\Anders\AppData\Local\scalameta\metals\cache\lsp.trace.json
2022.08.22 16:57:45 INFO  logging to file C:\Users\Anders\Programmeringskonsepter\.metals\metals.log
2022.08.22 16:57:45 INFO  Started: Metals version 0.11.8 in workspace 'C:\Users\Anders\Programmeringskonsepter' for client Visual Studio Code 1.70.2.
2022.08.22 16:57:47 WARN  Flyway upgrade recommended: H2 2.1.214 is newer than this version of Flyway and support has not been tested. The latest supported version of H2 is 2.1.210.
2022.08.22 16:57:47 INFO  time: initialize in 1.9s
2022.08.22 16:57:49 WARN  Build server is not auto-connectable.
2022.08.22 16:57:49 WARN  no build tool detected in workspace 'C:\Users\Anders\Programmeringskonsepter'. The most common cause for this problem is that the editor was opened in the wrong working directory, for example if you use sbt then the workspace directory should contain build.sbt. 
2022.08.22 16:57:49 WARN  no build target for: C:\Users\Anders\Programmeringskonsepter\Scala\Assignment1\src\main\scala\main.scala
2022.08.22 16:57:53 INFO  no build target found for C:\Users\Anders\Programmeringskonsepter\Scala\Assignment1\src\main\scala\main.scala. Using presentation compiler with project's scala-library version: 3.1.3
2022.08.22 16:57:55 INFO  time: code lens generation in 5.17s
2022.08.22 16:57:55 INFO  time: code lens generation in 4.25s
2022.08.22 16:58:04 WARN  no build target for: C:\Users\Anders\Programmeringskonsepter\Scala\Assignment1\src\main\scala\main.scala
Aug 22, 2022 4:58:09 PM org.eclipse.lsp4j.jsonrpc.RemoteEndpoint handleCancellation
WARNING: Unmatched cancel notification for request id 27
2022.08.22 16:58:32 WARN  no build target for: C:\Users\Anders\Programmeringskonsepter\Scala\Assignment1\src\main\scala\main.scala
2022.08.22 16:58:33 INFO  time: code lens generation in 1.6s
2022.08.22 17:00:17 WARN  no build target for: C:\Users\Anders\Programmeringskonsepter\Scala\Assignment1\src\main\scala\main.scala
2022.08.22 17:01:05 WARN  no build target for: C:\Users\Anders\Programmeringskonsepter\Scala\Assignment1\src\main\scala\main.scala
2022.08.22 17:01:14 WARN  no build target for: C:\Users\Anders\Programmeringskonsepter\Scala\Assignment1\src\main\scala\main.scala
2022.08.22 17:01:56 WARN  no build target for: C:\Users\Anders\Programmeringskonsepter\Scala\Assignment1\src\main\scala\main.scala
2022.08.22 17:02:55 WARN  no build target for: C:\Users\Anders\Programmeringskonsepter\Scala\Assignment1\src\main\scala\main.scala
2022.08.22 17:03:01 WARN  no build target for: C:\Users\Anders\Programmeringskonsepter\Scala\Assignment1\src\main\scala\main.scala
2022.08.22 17:03:04 WARN  no build target for: C:\Users\Anders\Programmeringskonsepter\Scala\Assignment1\src\main\scala\main.scala
2022.08.22 17:03:18 WARN  no build target for: C:\Users\Anders\Programmeringskonsepter\Scala\Assignment1\src\main\scala\main.scala
2022.08.22 17:03:29 WARN  no build target for: C:\Users\Anders\Programmeringskonsepter\Scala\Assignment1\src\main\scala\main.scala
2022.08.22 17:03:46 WARN  no build target for: C:\Users\Anders\Programmeringskonsepter\Scala\Assignment1\src\main\scala\main.scala
2022.08.22 17:04:03 WARN  no build target for: C:\Users\Anders\Programmeringskonsepter\Scala\Assignment1\src\main\scala\main.scala
2022.08.22 17:04:23 WARN  no build target for: C:\Users\Anders\Programmeringskonsepter\Scala\Assignment1\src\main\scala\main.scala
2022.08.22 17:04:30 WARN  no build target for: C:\Users\Anders\Programmeringskonsepter\Scala\Assignment1\src\main\scala\main.scala
2022.08.22 17:04:45 WARN  no build target for: C:\Users\Anders\Programmeringskonsepter\Scala\Assignment1\src\main\scala\main.scala
2022.08.22 17:05:04 WARN  no build target for: C:\Users\Anders\Programmeringskonsepter\Scala\Assignment1\src\main\scala\main.scala
2022.08.22 17:05:12 WARN  no build target for: C:\Users\Anders\Programmeringskonsepter\Scala\Assignment1\src\main\scala\main.scala
2022.08.22 17:05:31 WARN  no build target for: C:\Users\Anders\Programmeringskonsepter\Scala\Assignment1\src\main\scala\main.scala
2022.08.22 17:05:37 WARN  no build target for: C:\Users\Anders\Programmeringskonsepter\Scala\Assignment1\src\main\scala\main.scala
2022.08.22 17:05:50 WARN  no build target for: C:\Users\Anders\Programmeringskonsepter\Scala\Assignment1\src\main\scala\main.scala
2022.08.22 17:06:16 WARN  no build target for: C:\Users\Anders\Programmeringskonsepter\Scala\Assignment1\src\main\scala\main.scala
2022.08.22 17:06:25 WARN  no build target for: C:\Users\Anders\Programmeringskonsepter\Scala\Assignment1\src\main\scala\main.scala
2022.08.22 17:06:32 WARN  no build target for: C:\Users\Anders\Programmeringskonsepter\Scala\Assignment1\src\main\scala\main.scala
2022.08.22 17:07:41 WARN  no build target for: C:\Users\Anders\Programmeringskonsepter\Scala\Assignment1\src\main\scala\main.scala
2022.08.22 17:07:47 WARN  no build target for: C:\Users\Anders\Programmeringskonsepter\Scala\Assignment1\src\main\scala\main.scala
2022.08.22 17:07:54 WARN  no build target for: C:\Users\Anders\Programmeringskonsepter\Scala\Assignment1\src\main\scala\main.scala
2022.08.22 17:08:00 WARN  no build target for: C:\Users\Anders\Programmeringskonsepter\Scala\Assignment1\src\main\scala\main.scala
2022.08.22 17:08:10 WARN  no build target for: C:\Users\Anders\Programmeringskonsepter\Scala\Assignment1\src\main\scala\main.scala
2022.08.22 17:09:27 INFO  shutting down Metals
2022.08.22 17:12:01 INFO  tracing is disabled for protocol LSP, to enable tracing of incoming and outgoing JSON messages create an empty file at c:\Users\Anders\Programmeringskonsepter\.metals\lsp.trace.json or C:\Users\Anders\AppData\Local\scalameta\metals\cache\lsp.trace.json
2022.08.22 17:12:02 INFO  logging to file C:\Users\Anders\Programmeringskonsepter\.metals\metals.log
2022.08.22 17:12:02 INFO  Started: Metals version 0.11.8 in workspace 'C:\Users\Anders\Programmeringskonsepter' for client Visual Studio Code 1.70.2.
2022.08.22 17:12:03 WARN  Flyway upgrade recommended: H2 2.1.214 is newer than this version of Flyway and support has not been tested. The latest supported version of H2 is 2.1.210.
2022.08.22 17:12:03 INFO  time: initialize in 1.67s
2022.08.22 17:12:05 WARN  Build server is not auto-connectable.
2022.08.22 17:12:05 WARN  no build tool detected in workspace 'C:\Users\Anders\Programmeringskonsepter'. The most common cause for this problem is that the editor was opened in the wrong working directory, for example if you use sbt then the workspace directory should contain build.sbt. 
2022.08.22 17:12:05 WARN  no build target for: C:\Users\Anders\Programmeringskonsepter\Scala\Assignment1\src\main\scala\main.scala
2022.08.22 17:12:09 INFO  no build target found for C:\Users\Anders\Programmeringskonsepter\Scala\Assignment1\src\main\scala\main.scala. Using presentation compiler with project's scala-library version: 3.1.3
2022.08.22 17:12:12 INFO  time: code lens generation in 3.28s
2022.08.22 17:12:48 WARN  no build target for: C:\Users\Anders\Programmeringskonsepter\Scala\Assignment1\src\main\scala\main.scala
2022.08.22 17:13:37 WARN  no build target for: C:\Users\Anders\Programmeringskonsepter\Scala\Assignment1\src\main\scala\main.scala
2022.08.22 17:14:02 WARN  no build target for: C:\Users\Anders\Programmeringskonsepter\Scala\Assignment1\src\main\scala\main.scala
2022.08.22 17:14:11 WARN  no build target for: C:\Users\Anders\Programmeringskonsepter\Scala\Assignment1\src\main\scala\main.scala
2022.08.22 17:14:31 WARN  no build target for: C:\Users\Anders\Programmeringskonsepter\Scala\Assignment1\src\main\scala\main.scala
2022.08.22 17:15:05 WARN  no build target for: C:\Users\Anders\Programmeringskonsepter\Scala\Assignment1\src\main\scala\main.scala
2022.08.22 17:15:19 WARN  no build target for: C:\Users\Anders\Programmeringskonsepter\Scala\Assignment1\src\main\scala\main.scala
2022.08.22 17:15:46 WARN  no build target for: C:\Users\Anders\Programmeringskonsepter\Scala\Assignment1\src\main\scala\main.scala
2022.08.22 17:16:27 INFO  shutting down Metals
2022.08.22 17:16:44 INFO  tracing is disabled for protocol LSP, to enable tracing of incoming and outgoing JSON messages create an empty file at c:\Users\Anders\Programmeringskonsepter\.metals\lsp.trace.json or C:\Users\Anders\AppData\Local\scalameta\metals\cache\lsp.trace.json
2022.08.22 17:16:45 INFO  logging to file C:\Users\Anders\Programmeringskonsepter\.metals\metals.log
2022.08.22 17:16:45 INFO  Started: Metals version 0.11.8 in workspace 'C:\Users\Anders\Programmeringskonsepter' for client Visual Studio Code 1.70.2.
2022.08.22 17:16:46 WARN  Flyway upgrade recommended: H2 2.1.214 is newer than this version of Flyway and support has not been tested. The latest supported version of H2 is 2.1.210.
2022.08.22 17:16:46 INFO  time: initialize in 1.39s
2022.08.22 17:16:48 WARN  Build server is not auto-connectable.
2022.08.22 17:16:48 WARN  no build tool detected in workspace 'C:\Users\Anders\Programmeringskonsepter'. The most common cause for this problem is that the editor was opened in the wrong working directory, for example if you use sbt then the workspace directory should contain build.sbt. 
2022.08.22 17:16:48 WARN  no build target for: C:\Users\Anders\Programmeringskonsepter\Scala\Assignment1\src\main\scala\main.scala
2022.08.22 17:16:52 INFO  no build target found for C:\Users\Anders\Programmeringskonsepter\Scala\Assignment1\src\main\scala\main.scala. Using presentation compiler with project's scala-library version: 3.1.3
2022.08.22 17:16:54 INFO  time: code lens generation in 1.9s
2022.08.22 17:16:54 INFO  time: code lens generation in 5.77s
2022.08.22 17:17:31 INFO  shutting down Metals
2022.08.23 17:55:16 INFO  tracing is disabled for protocol LSP, to enable tracing of incoming and outgoing JSON messages create an empty file at c:\Users\Anders\Programmeringskonsepter\.metals\lsp.trace.json or C:\Users\Anders\AppData\Local\scalameta\metals\cache\lsp.trace.json
2022.08.23 17:55:17 INFO  logging to file C:\Users\Anders\Programmeringskonsepter\.metals\metals.log
2022.08.23 17:55:17 INFO  Started: Metals version 0.11.8 in workspace 'C:\Users\Anders\Programmeringskonsepter' for client Visual Studio Code 1.70.2.
2022.08.23 17:55:18 WARN  Flyway upgrade recommended: H2 2.1.214 is newer than this version of Flyway and support has not been tested. The latest supported version of H2 is 2.1.210.
2022.08.23 17:55:19 INFO  time: initialize in 2.01s
2022.08.23 17:55:21 WARN  Build server is not auto-connectable.
2022.08.23 17:55:21 WARN  no build tool detected in workspace 'C:\Users\Anders\Programmeringskonsepter'. The most common cause for this problem is that the editor was opened in the wrong working directory, for example if you use sbt then the workspace directory should contain build.sbt. 
2022.08.23 17:55:21 WARN  no build target for: C:\Users\Anders\Programmeringskonsepter\Scala\Assignment1\src\main\scala\main.scala
2022.08.23 17:55:26 INFO  no build target found for C:\Users\Anders\Programmeringskonsepter\Scala\Assignment1\src\main\scala\main.scala. Using presentation compiler with project's scala-library version: 3.1.3
2022.08.23 17:55:29 INFO  time: code lens generation in 2.64s
2022.08.23 17:55:44 WARN  no build target for: C:\Users\Anders\Programmeringskonsepter\Scala\Assignment2\Main.scala
2022.08.23 17:55:56 WARN  no build target for: C:\Users\Anders\Programmeringskonsepter\Scala\Assignment2\Main.scala
2022.08.23 17:56:10 WARN  no build target for: C:\Users\Anders\Programmeringskonsepter\Scala\Assignment2\Main.scala
2022.08.23 17:56:25 WARN  no build target for: C:\Users\Anders\Programmeringskonsepter\Scala\Assignment2\Main.scala
2022.08.23 17:56:27 WARN  no build target for: C:\Users\Anders\Programmeringskonsepter\Scala\Assignment2\Main.scala
2022.08.23 17:57:39 WARN  no build target for: C:\Users\Anders\Programmeringskonsepter\Scala\Assignment2\Main.scala
Aug 23, 2022 5:59:09 PM scala.meta.internal.pc.CompilerAccess handleError
SEVERE: NoDenotation.owner
java.lang.AssertionError: NoDenotation.owner
	at dotty.tools.dotc.core.SymDenotations$NoDenotation$.owner(SymDenotations.scala:2495)
	at scala.meta.internal.pc.SignatureHelpProvider$.isValid(SignatureHelpProvider.scala:88)
	at scala.meta.internal.pc.SignatureHelpProvider$.notCurrentApply(SignatureHelpProvider.scala:97)
	at scala.meta.internal.pc.SignatureHelpProvider$.$anonfun$1(SignatureHelpProvider.scala:49)
	at scala.collection.StrictOptimizedLinearSeqOps.loop$3(LinearSeq.scala:266)
	at scala.collection.StrictOptimizedLinearSeqOps.dropWhile(LinearSeq.scala:268)
	at scala.collection.StrictOptimizedLinearSeqOps.dropWhile$(LinearSeq.scala:264)
	at scala.collection.immutable.List.dropWhile(List.scala:79)
	at scala.meta.internal.pc.SignatureHelpProvider$.signatureHelp(SignatureHelpProvider.scala:49)

2022.08.23 17:59:33 WARN  no build target for: C:\Users\Anders\Programmeringskonsepter\Scala\Assignment2\Main.scala
2022.08.23 17:59:50 WARN  no build target for: C:\Users\Anders\Programmeringskonsepter\Scala\Assignment2\Main.scala
2022.08.23 17:59:57 WARN  no build target for: C:\Users\Anders\Programmeringskonsepter\Scala\Assignment2\Main.scala
2022.08.23 18:00:27 WARN  no build target for: C:\Users\Anders\Programmeringskonsepter\Scala\Assignment2\Main.scala
2022.08.23 18:00:38 WARN  no build target for: C:\Users\Anders\Programmeringskonsepter\Scala\Assignment2\Main.scala
2022.08.23 18:01:02 WARN  no build target for: C:\Users\Anders\Programmeringskonsepter\Scala\Assignment2\Main.scala
2022.08.23 18:01:09 WARN  no build target for: C:\Users\Anders\Programmeringskonsepter\Scala\Assignment2\Main.scala
2022.08.23 18:01:17 WARN  no build target for: C:\Users\Anders\Programmeringskonsepter\Scala\Assignment2\Main.scala
2022.08.23 18:01:32 WARN  no build target for: C:\Users\Anders\Programmeringskonsepter\Scala\Assignment2\Main.scala
2022.08.23 18:01:40 WARN  no build target for: C:\Users\Anders\Programmeringskonsepter\Scala\Assignment2\Main.scala
2022.08.23 18:02:28 WARN  no build target for: C:\Users\Anders\Programmeringskonsepter\Scala\Assignment2\Main.scala
2022.08.23 18:02:31 INFO  time: code lens generation in 2.71s
2022.08.23 18:02:39 WARN  no build target for: C:\Users\Anders\Programmeringskonsepter\Scala\Assignment2\Main.scala
2022.08.23 18:03:01 WARN  no build target for: C:\Users\Anders\Programmeringskonsepter\Scala\Assignment2\Main.scala
Aug 23, 2022 6:03:25 PM org.eclipse.lsp4j.jsonrpc.RemoteEndpoint handleCancellation
WARNING: Unmatched cancel notification for request id 812
2022.08.23 18:03:55 WARN  no build target for: C:\Users\Anders\Programmeringskonsepter\Scala\Assignment2\Main.scala
2022.08.23 18:04:47 WARN  no build target for: C:\Users\Anders\Programmeringskonsepter\Scala\Assignment2\Main.scala
2022.08.23 18:04:57 WARN  no build target for: C:\Users\Anders\Programmeringskonsepter\Scala\Assignment2\Main.scala
2022.08.23 18:05:26 WARN  no build target for: C:\Users\Anders\Programmeringskonsepter\Scala\Assignment2\Main.scala
2022.08.23 18:05:34 WARN  no build target for: C:\Users\Anders\Programmeringskonsepter\Scala\Assignment2\Main.scala
2022.08.23 18:06:29 WARN  no build target for: C:\Users\Anders\Programmeringskonsepter\Scala\Assignment2\Main.scala
2022.08.23 18:06:34 WARN  no build target for: C:\Users\Anders\Programmeringskonsepter\Scala\Assignment2\Main.scala
2022.08.23 18:07:45 WARN  no build target for: C:\Users\Anders\Programmeringskonsepter\Scala\Assignment2\Main.scala
2022.08.23 18:07:47 WARN  no build target for: C:\Users\Anders\Programmeringskonsepter\Scala\Assignment2\Main.scala
2022.08.23 18:07:48 WARN  no build target for: C:\Users\Anders\Programmeringskonsepter\Scala\Assignment2\Main.scala
2022.08.23 18:07:48 WARN  no build target for: C:\Users\Anders\Programmeringskonsepter\Scala\Assignment2\Main.scala
2022.08.23 18:07:53 WARN  no build target for: C:\Users\Anders\Programmeringskonsepter\Scala\Assignment2\Main.scala
Aug 23, 2022 6:08:23 PM org.eclipse.lsp4j.jsonrpc.RemoteEndpoint handleCancellation
WARNING: Unmatched cancel notification for request id 1613
2022.08.23 18:08:25 WARN  no build target for: C:\Users\Anders\Programmeringskonsepter\Scala\Assignment2\Main.scala
2022.08.23 18:08:41 WARN  no build target for: C:\Users\Anders\Programmeringskonsepter\Scala\Assignment2\Main.scala
2022.08.23 18:08:45 WARN  no build target for: C:\Users\Anders\Programmeringskonsepter\Scala\Assignment2\Main.scala
2022.08.23 18:09:06 WARN  no build target for: C:\Users\Anders\Programmeringskonsepter\Scala\Assignment2\Main.scala
2022.08.23 18:09:39 WARN  no build target for: C:\Users\Anders\Programmeringskonsepter\Scala\Assignment2\Main.scala
2022.08.23 18:09:56 WARN  no build target for: C:\Users\Anders\Programmeringskonsepter\Scala\Assignment2\Main.scala
2022.08.23 18:10:02 WARN  no build target for: C:\Users\Anders\Programmeringskonsepter\Scala\Assignment2\Main.scala
2022.08.23 18:10:35 WARN  no build target for: C:\Users\Anders\Programmeringskonsepter\Scala\Assignment2\Main.scala
2022.08.23 18:10:37 WARN  no build target for: C:\Users\Anders\Programmeringskonsepter\Scala\Assignment2\Main.scala
2022.08.23 18:11:23 WARN  no build target for: C:\Users\Anders\Programmeringskonsepter\Scala\Assignment2\Main.scala
2022.08.23 18:11:43 WARN  no build target for: C:\Users\Anders\Programmeringskonsepter\Scala\Assignment2\Main.scala
2022.08.23 18:12:00 WARN  no build target for: C:\Users\Anders\Programmeringskonsepter\Scala\Assignment2\Main.scala
2022.08.23 18:12:11 WARN  no build target for: C:\Users\Anders\Programmeringskonsepter\Scala\Assignment2\Main.scala
2022.08.23 18:12:21 WARN  no build target for: C:\Users\Anders\Programmeringskonsepter\Scala\Assignment2\Main.scala
2022.08.23 18:12:25 WARN  no build target for: C:\Users\Anders\Programmeringskonsepter\Scala\Assignment2\Main.scala
2022.08.23 18:12:35 WARN  no build target for: C:\Users\Anders\Programmeringskonsepter\Scala\Assignment1\build.sbt
2022.08.23 18:12:41 WARN  no build target for: C:\Users\Anders\Programmeringskonsepter\Scala\Assignment1\project\plugins.sbt
Aug 23, 2022 6:14:31 PM org.eclipse.lsp4j.jsonrpc.RemoteEndpoint handleCancellation
WARNING: Unmatched cancel notification for request id 2256
2022.08.23 18:15:00 WARN  no build target for: C:\Users\Anders\Programmeringskonsepter\Scala\Assignment2\Main.scala
2022.08.23 18:16:25 WARN  no build target for: C:\Users\Anders\Programmeringskonsepter\Scala\Assignment2\Main.scala
2022.08.23 18:16:30 WARN  no build target for: C:\Users\Anders\Programmeringskonsepter\Scala\Assignment2\Main.scala
2022.08.23 18:16:53 WARN  no build target for: C:\Users\Anders\Programmeringskonsepter\Scala\Assignment2\Main.scala
2022.08.23 18:16:59 WARN  no build target for: C:\Users\Anders\Programmeringskonsepter\Scala\Assignment2\Main.scala
2022.08.23 18:17:08 WARN  no build target for: C:\Users\Anders\Programmeringskonsepter\Scala\Assignment2\Main.scala
2022.08.23 18:17:22 WARN  no build target for: C:\Users\Anders\Programmeringskonsepter\Scala\Assignment2\Main.scala
2022.08.23 18:17:28 WARN  no build target for: C:\Users\Anders\Programmeringskonsepter\Scala\Assignment2\Main.scala
2022.08.23 18:19:23 WARN  no build target for: C:\Users\Anders\Programmeringskonsepter\Scala\Assignment2\Main.scala
2022.08.23 18:19:32 WARN  no build target for: C:\Users\Anders\Programmeringskonsepter\Scala\Assignment2\Main.scala
Aug 23, 2022 6:19:35 PM org.eclipse.lsp4j.jsonrpc.RemoteEndpoint handleCancellation
WARNING: Unmatched cancel notification for request id 3046
2022.08.23 18:19:48 WARN  no build target for: C:\Users\Anders\Programmeringskonsepter\Scala\Assignment2\Main.scala
2022.08.23 18:19:51 WARN  no build target for: C:\Users\Anders\Programmeringskonsepter\Scala\Assignment2\Main.scala
2022.08.23 18:20:04 WARN  no build target for: C:\Users\Anders\Programmeringskonsepter\Scala\Assignment2\Main.scala
2022.08.23 18:20:31 WARN  no build target for: C:\Users\Anders\Programmeringskonsepter\Scala\Assignment2\Main.scala
2022.08.23 18:21:01 WARN  no build target for: C:\Users\Anders\Programmeringskonsepter\Scala\Assignment2\Main.scala
2022.08.23 18:21:09 WARN  no build target for: C:\Users\Anders\Programmeringskonsepter\Scala\Assignment2\Main.scala
2022.08.23 18:22:06 WARN  no build target for: C:\Users\Anders\Programmeringskonsepter\Scala\Assignment2\Main.scala
2022.08.23 18:22:29 WARN  no build target for: C:\Users\Anders\Programmeringskonsepter\Scala\Assignment2\Main.scala
2022.08.23 18:22:41 WARN  no build target for: C:\Users\Anders\Programmeringskonsepter\Scala\Assignment2\Main.scala
2022.08.23 18:22:46 WARN  no build target for: C:\Users\Anders\Programmeringskonsepter\Scala\Assignment2\Main.scala
2022.08.23 18:23:09 WARN  no build target for: C:\Users\Anders\Programmeringskonsepter\Scala\Assignment2\Main.scala
2022.08.23 18:23:26 WARN  no build target for: C:\Users\Anders\Programmeringskonsepter\Scala\Assignment2\Main.scala
2022.08.23 18:24:00 WARN  no build target for: C:\Users\Anders\Programmeringskonsepter\Scala\Assignment2\Main.scala
2022.08.23 18:25:17 WARN  no build target for: C:\Users\Anders\Programmeringskonsepter\Scala\Assignment2\Main.scala
2022.08.23 18:25:54 WARN  no build target for: C:\Users\Anders\Programmeringskonsepter\Scala\Assignment2\Main.scala
2022.08.23 18:26:21 WARN  no build target for: C:\Users\Anders\Programmeringskonsepter\Scala\Assignment2\Main.scala
2022.08.23 18:26:32 WARN  no build target for: C:\Users\Anders\Programmeringskonsepter\Scala\Assignment2\Main.scala
2022.08.23 18:26:46 WARN  no build target for: C:\Users\Anders\Programmeringskonsepter\Scala\Assignment2\Main.scala
2022.08.23 18:27:07 WARN  no build target for: C:\Users\Anders\Programmeringskonsepter\Scala\Assignment2\Main.scala
2022.08.23 18:28:00 WARN  no build target for: C:\Users\Anders\Programmeringskonsepter\Scala\Assignment2\Main.scala
2022.08.23 18:28:09 WARN  no build target for: C:\Users\Anders\Programmeringskonsepter\Scala\Assignment2\Main.scala
